  ConsoleApplication1.cpp
D:\PrograminCourseC++\ConsoleApplication1\ConsoleApplication1\clsString.h(43,25): warning C4267: 'return': conversion from 'size_t' to 'short', possible loss of data
  (compiling source file 'ConsoleApplication1.cpp')
  
D:\PrograminCourseC++\ConsoleApplication1\ConsoleApplication1\clsString.h(48,29): warning C4267: 'return': conversion from 'size_t' to 'short', possible loss of data
  (compiling source file 'ConsoleApplication1.cpp')
  
D:\PrograminCourseC++\ConsoleApplication1\ConsoleApplication1\clsString.h(60,30): warning C4267: '=': conversion from 'size_t' to 'short', possible loss of data
  (compiling source file 'ConsoleApplication1.cpp')
  
D:\PrograminCourseC++\ConsoleApplication1\ConsoleApplication1\clsString.h(197,29): warning C4267: 'return': conversion from 'size_t' to 'short', possible loss of data
  (compiling source file 'ConsoleApplication1.cpp')
  
D:\PrograminCourseC++\ConsoleApplication1\ConsoleApplication1\clsString.h(328,30): warning C4267: '=': conversion from 'size_t' to 'short', possible loss of data
  (compiling source file 'ConsoleApplication1.cpp')
  
D:\PrograminCourseC++\ConsoleApplication1\ConsoleApplication1\clsString.h(376,22): warning C4267: 'initializing': conversion from 'size_t' to 'short', possible loss of data
  (compiling source file 'ConsoleApplication1.cpp')
  
D:\PrograminCourseC++\ConsoleApplication1\ConsoleApplication1\clsUtil.h(4,10): warning C4067: unexpected tokens following preprocessor directive - expected a newline
  (compiling source file 'ConsoleApplication1.cpp')
  
D:\PrograminCourseC++\ConsoleApplication1\ConsoleApplication1\clsUtil.h(63,3): warning C4091: 'static ': ignored on left of 'clsUtil::enRandomCharcter' when no variable is declared
  (compiling source file 'ConsoleApplication1.cpp')
  
D:\PrograminCourseC++\ConsoleApplication1\ConsoleApplication1\clsUtil.h(172,53): warning C4244: 'return': conversion from 'float' to 'int', possible loss of data
  (compiling source file 'ConsoleApplication1.cpp')
  
D:\PrograminCourseC++\ConsoleApplication1\ConsoleApplication1\clsUser.h(178,6): warning C4091: 'static ': ignored on left of 'clsUser::stLoginRegiterRecord' when no variable is declared
  (compiling source file 'ConsoleApplication1.cpp')
  
D:\PrograminCourseC++\ConsoleApplication1\ConsoleApplication1\clsInputValidate.h(115,16): warning C4244: 'initializing': conversion from 'double' to 'float', possible loss of data
  (compiling source file 'ConsoleApplication1.cpp')
  
D:\PrograminCourseC++\ConsoleApplication1\ConsoleApplication1\clsInputValidate.h(119,26): warning C4244: '=': conversion from 'double' to 'float', possible loss of data
  (compiling source file 'ConsoleApplication1.cpp')
  
D:\PrograminCourseC++\ConsoleApplication1\ConsoleApplication1\clsBankClient.h(30,66): warning C4244: 'argument': conversion from 'double' to 'float', possible loss of data
  (compiling source file 'ConsoleApplication1.cpp')
  
D:\PrograminCourseC++\ConsoleApplication1\ConsoleApplication1\clsBankClient.h(439,28): warning C4244: '+=': conversion from 'double' to 'float', possible loss of data
  (compiling source file 'ConsoleApplication1.cpp')
  
D:\PrograminCourseC++\ConsoleApplication1\ConsoleApplication1\clsBankClient.h(452,32): warning C4244: '-=': conversion from 'double' to 'float', possible loss of data
  (compiling source file 'ConsoleApplication1.cpp')
  
D:\PrograminCourseC++\ConsoleApplication1\ConsoleApplication1\clsAddNewClientScreen.h(30,66): warning C4244: 'argument': conversion from 'double' to 'float', possible loss of data
  (compiling source file 'ConsoleApplication1.cpp')
  
D:\PrograminCourseC++\ConsoleApplication1\ConsoleApplication1\clsUpdateClientScreen.h(47,66): warning C4244: 'argument': conversion from 'double' to 'float', possible loss of data
  (compiling source file 'ConsoleApplication1.cpp')
  
D:\PrograminCourseC++\ConsoleApplication1\ConsoleApplication1\clsShowTotalBalanceScreen.h(64,81): warning C4244: 'argument': conversion from 'double' to 'int', possible loss of data
  (compiling source file 'ConsoleApplication1.cpp')
  
D:\PrograminCourseC++\ConsoleApplication1\ConsoleApplication1\clsTransfer.h(125,51): warning C4244: '=': conversion from 'double' to 'float', possible loss of data
  (compiling source file 'ConsoleApplication1.cpp')
  
D:\PrograminCourseC++\ConsoleApplication1\ConsoleApplication1\clsTransfer.h(130,53): warning C4244: '=': conversion from 'double' to 'float', possible loss of data
  (compiling source file 'ConsoleApplication1.cpp')
  
D:\PrograminCourseC++\ConsoleApplication1\ConsoleApplication1\clsFindUser.h(37,27): warning C4129: 'F': unrecognized character escape sequence
  (compiling source file 'ConsoleApplication1.cpp')
  
D:\PrograminCourseC++\ConsoleApplication1\ConsoleApplication1\clsCurrency.h(27,17): warning C4244: 'argument': conversion from 'double' to 'float', possible loss of data
  (compiling source file 'ConsoleApplication1.cpp')
  
D:\PrograminCourseC++\ConsoleApplication1\ConsoleApplication1\clsUpdateCurrency.h(54,46): warning C4244: '=': conversion from 'double' to 'float', possible loss of data
  (compiling source file 'ConsoleApplication1.cpp')
  
D:\PrograminCourseC++\ConsoleApplication1\ConsoleApplication1\clsClculateCurrency.h(51,45): warning C4244: '=': conversion from 'double' to 'float', possible loss of data
  (compiling source file 'ConsoleApplication1.cpp')
  
D:\PrograminCourseC++\ConsoleApplication1\ConsoleApplication1\clsMainMenuOptions.h(38,6): warning C4091: 'static ': ignored on left of 'clsMainMenuOptions::enMainMenueOptions' when no variable is declared
  (compiling source file 'ConsoleApplication1.cpp')
  
D:\PrograminCourseC++\ConsoleApplication1\ConsoleApplication1\clsBankClient.h(396,1): warning C4715: 'clsBankClient::Save': not all control paths return a value
D:\PrograminCourseC++\ConsoleApplication1\ConsoleApplication1\clsUser.h(355,1): warning C4715: 'clsUser::Save': not all control paths return a value
  ConsoleApplication1.vcxproj -> D:\PrograminCourseC++\ConsoleApplication1\x64\Debug\ConsoleApplication1.exe
